Copyright 1986-2018 Xilinx, Inc. All Rights Reserved.
-----------------------------------------------------------------------------------------------------------------------------------------------------------------------------------------------------
| Tool Version : Vivado v.2018.3 (win64) Build 2405991 Thu Dec  6 23:38:27 MST 2018
| Date         : Tue Jun 18 23:00:59 2019
| Host         : FUMI3D2B running 64-bit major release  (build 9200)
| Command      : report_timing_summary -max_paths 10 -file blinkspeed_timing_summary_routed.rpt -pb blinkspeed_timing_summary_routed.pb -rpx blinkspeed_timing_summary_routed.rpx -warn_on_violation
| Design       : blinkspeed
| Device       : 7z020-clg400
| Speed File   : -1  PRODUCTION 1.11 2014-09-11
-----------------------------------------------------------------------------------------------------------------------------------------------------------------------------------------------------

Timing Summary Report

------------------------------------------------------------------------------------------------
| Timer Settings
| --------------
------------------------------------------------------------------------------------------------

  Enable Multi Corner Analysis               :  Yes
  Enable Pessimism Removal                   :  Yes
  Pessimism Removal Resolution               :  Nearest Common Node
  Enable Input Delay Default Clock           :  No
  Enable Preset / Clear Arcs                 :  No
  Disable Flight Delays                      :  No
  Ignore I/O Paths                           :  No
  Timing Early Launch at Borrowing Latches   :  false

  Corner  Analyze    Analyze    
  Name    Max Paths  Min Paths  
  ------  ---------  ---------  
  Slow    Yes        Yes        
  Fast    Yes        Yes        



check_timing report

Table of Contents
-----------------
1. checking no_clock
2. checking constant_clock
3. checking pulse_width_clock
4. checking unconstrained_internal_endpoints
5. checking no_input_delay
6. checking no_output_delay
7. checking multiple_clock
8. checking generated_clocks
9. checking loops
10. checking partial_input_delay
11. checking partial_output_delay
12. checking latch_loops

1. checking no_clock
--------------------
 There are 0 register/latch pins with no clock.


2. checking constant_clock
--------------------------
 There are 0 register/latch pins with constant_clock.


3. checking pulse_width_clock
-----------------------------
 There are 0 register/latch pins which need pulse_width check


4. checking unconstrained_internal_endpoints
--------------------------------------------
 There are 0 pins that are not constrained for maximum delay.

 There are 0 pins that are not constrained for maximum delay due to constant clock.


5. checking no_input_delay
--------------------------
 There are 3 input ports with no input delay specified. (HIGH)

 There are 0 input ports with no input delay but user has a false path constraint.


6. checking no_output_delay
---------------------------
 There are 4 ports with no output delay specified. (HIGH)

 There are 0 ports with no output delay but user has a false path constraint

 There are 0 ports with no output delay but with a timing clock defined on it or propagating through it


7. checking multiple_clock
--------------------------
 There are 0 register/latch pins with multiple clocks.


8. checking generated_clocks
----------------------------
 There are 0 generated clocks that are not connected to a clock source.


9. checking loops
-----------------
 There are 0 combinational loops in the design.


10. checking partial_input_delay
--------------------------------
 There are 0 input ports with partial input delay specified.


11. checking partial_output_delay
---------------------------------
 There are 0 ports with partial output delay specified.


12. checking latch_loops
------------------------
 There are 0 combinational latch loops in the design through latch input



------------------------------------------------------------------------------------------------
| Design Timing Summary
| ---------------------
------------------------------------------------------------------------------------------------

    WNS(ns)      TNS(ns)  TNS Failing Endpoints  TNS Total Endpoints      WHS(ns)      THS(ns)  THS Failing Endpoints  THS Total Endpoints     WPWS(ns)     TPWS(ns)  TPWS Failing Endpoints  TPWS Total Endpoints  
    -------      -------  ---------------------  -------------------      -------      -------  ---------------------  -------------------     --------     --------  ----------------------  --------------------  
      3.953        0.000                      0                  124        0.196        0.000                      0                  124        3.500        0.000                       0                    81  


All user specified timing constraints are met.


------------------------------------------------------------------------------------------------
| Clock Summary
| -------------
------------------------------------------------------------------------------------------------

Clock        Waveform(ns)         Period(ns)      Frequency(MHz)
-----        ------------         ----------      --------------
sys_clk_pin  {0.000 4.000}        8.000           125.000         


------------------------------------------------------------------------------------------------
| Intra Clock Table
| -----------------
------------------------------------------------------------------------------------------------

Clock             WNS(ns)      TNS(ns)  TNS Failing Endpoints  TNS Total Endpoints      WHS(ns)      THS(ns)  THS Failing Endpoints  THS Total Endpoints     WPWS(ns)     TPWS(ns)  TPWS Failing Endpoints  TPWS Total Endpoints  
-----             -------      -------  ---------------------  -------------------      -------      -------  ---------------------  -------------------     --------     --------  ----------------------  --------------------  
sys_clk_pin         3.953        0.000                      0                  124        0.196        0.000                      0                  124        3.500        0.000                       0                    81  


------------------------------------------------------------------------------------------------
| Inter Clock Table
| -----------------
------------------------------------------------------------------------------------------------

From Clock    To Clock          WNS(ns)      TNS(ns)  TNS Failing Endpoints  TNS Total Endpoints      WHS(ns)      THS(ns)  THS Failing Endpoints  THS Total Endpoints  
----------    --------          -------      -------  ---------------------  -------------------      -------      -------  ---------------------  -------------------  


------------------------------------------------------------------------------------------------
| Other Path Groups Table
| -----------------------
------------------------------------------------------------------------------------------------

Path Group    From Clock    To Clock          WNS(ns)      TNS(ns)  TNS Failing Endpoints  TNS Total Endpoints      WHS(ns)      THS(ns)  THS Failing Endpoints  THS Total Endpoints  
----------    ----------    --------          -------      -------  ---------------------  -------------------      -------      -------  ---------------------  -------------------  


------------------------------------------------------------------------------------------------
| Timing Details
| --------------
------------------------------------------------------------------------------------------------


---------------------------------------------------------------------------------------------------
From Clock:  sys_clk_pin
  To Clock:  sys_clk_pin

Setup :            0  Failing Endpoints,  Worst Slack        3.953ns,  Total Violation        0.000ns
Hold  :            0  Failing Endpoints,  Worst Slack        0.196ns,  Total Violation        0.000ns
PW    :            0  Failing Endpoints,  Worst Slack        3.500ns,  Total Violation        0.000ns
---------------------------------------------------------------------------------------------------


Max Delay Paths
--------------------------------------------------------------------------------------
Slack (MET) :             3.953ns  (required time - arrival time)
  Source:                 d1/cnt22_reg[19]/C
                            (rising edge-triggered cell FDRE clocked by sys_clk_pin  {rise@0.000ns fall@4.000ns period=8.000ns})
  Destination:            d1/cnt22_reg[0]/R
                            (rising edge-triggered cell FDRE clocked by sys_clk_pin  {rise@0.000ns fall@4.000ns period=8.000ns})
  Path Group:             sys_clk_pin
  Path Type:              Setup (Max at Slow Process Corner)
  Requirement:            8.000ns  (sys_clk_pin rise@8.000ns - sys_clk_pin rise@0.000ns)
  Data Path Delay:        3.464ns  (logic 0.890ns (25.689%)  route 2.574ns (74.311%))
  Logic Levels:           3  (LUT2=1 LUT6=2)
  Clock Path Skew:        -0.023ns (DCD - SCD + CPR)
    Destination Clock Delay (DCD):    5.621ns = ( 13.621 - 8.000 ) 
    Source Clock Delay      (SCD):    6.126ns
    Clock Pessimism Removal (CPR):    0.482ns
  Clock Uncertainty:      0.035ns  ((TSJ^2 + TIJ^2)^1/2 + DJ) / 2 + PE
    Total System Jitter     (TSJ):    0.071ns
    Total Input Jitter      (TIJ):    0.000ns
    Discrete Jitter          (DJ):    0.000ns
    Phase Error              (PE):    0.000ns

    Location             Delay type                Incr(ns)  Path(ns)    Netlist Resource(s)
  -------------------------------------------------------------------    -------------------
                         (clock sys_clk_pin rise edge)
                                                      0.000     0.000 r  
    H16                                               0.000     0.000 r  CLK (IN)
                         net (fo=0)                   0.000     0.000    CLK
    H16                  IBUF (Prop_ibuf_I_O)         1.451     1.451 r  CLK_IBUF_inst/O
                         net (fo=1, routed)           2.522     3.973    CLK_IBUF
    BUFGCTRL_X0Y16       BUFG (Prop_bufg_I_O)         0.101     4.074 r  CLK_IBUF_BUFG_inst/O
                         net (fo=80, routed)          2.052     6.126    d1/CLK_IBUF_BUFG
    SLICE_X108Y111       FDRE                                         r  d1/cnt22_reg[19]/C
  -------------------------------------------------------------------    -------------------
    SLICE_X108Y111       FDRE (Prop_fdre_C_Q)         0.518     6.644 r  d1/cnt22_reg[19]/Q
                         net (fo=2, routed)           1.075     7.719    d1/cnt22_reg[19]
    SLICE_X109Y111       LUT6 (Prop_lut6_I1_O)        0.124     7.843 r  d1/ff1_i_4__0/O
                         net (fo=1, routed)           0.405     8.248    d1/ff1_i_4__0_n_0
    SLICE_X109Y110       LUT2 (Prop_lut2_I0_O)        0.124     8.372 r  d1/ff1_i_2__0/O
                         net (fo=4, routed)           0.309     8.681    d1/ff1_i_2__0_n_0
    SLICE_X109Y109       LUT6 (Prop_lut6_I4_O)        0.124     8.805 r  d1/cnt22[0]_i_1__0/O
                         net (fo=22, routed)          0.785     9.590    d1/cnt22[0]_i_1__0_n_0
    SLICE_X108Y107       FDRE                                         r  d1/cnt22_reg[0]/R
  -------------------------------------------------------------------    -------------------

                         (clock sys_clk_pin rise edge)
                                                      8.000     8.000 r  
    H16                                               0.000     8.000 r  CLK (IN)
                         net (fo=0)                   0.000     8.000    CLK
    H16                  IBUF (Prop_ibuf_I_O)         1.380     9.380 r  CLK_IBUF_inst/O
                         net (fo=1, routed)           2.293    11.673    CLK_IBUF
    BUFGCTRL_X0Y16       BUFG (Prop_bufg_I_O)         0.091    11.764 r  CLK_IBUF_BUFG_inst/O
                         net (fo=80, routed)          1.856    13.621    d1/CLK_IBUF_BUFG
    SLICE_X108Y107       FDRE                                         r  d1/cnt22_reg[0]/C
                         clock pessimism              0.482    14.103    
                         clock uncertainty           -0.035    14.067    
    SLICE_X108Y107       FDRE (Setup_fdre_C_R)       -0.524    13.543    d1/cnt22_reg[0]
  -------------------------------------------------------------------
                         required time                         13.543    
                         arrival time                          -9.590    
  -------------------------------------------------------------------
                         slack                                  3.953    

Slack (MET) :             3.953ns  (required time - arrival time)
  Source:                 d1/cnt22_reg[19]/C
                            (rising edge-triggered cell FDRE clocked by sys_clk_pin  {rise@0.000ns fall@4.000ns period=8.000ns})
  Destination:            d1/cnt22_reg[1]/R
                            (rising edge-triggered cell FDRE clocked by sys_clk_pin  {rise@0.000ns fall@4.000ns period=8.000ns})
  Path Group:             sys_clk_pin
  Path Type:              Setup (Max at Slow Process Corner)
  Requirement:            8.000ns  (sys_clk_pin rise@8.000ns - sys_clk_pin rise@0.000ns)
  Data Path Delay:        3.464ns  (logic 0.890ns (25.689%)  route 2.574ns (74.311%))
  Logic Levels:           3  (LUT2=1 LUT6=2)
  Clock Path Skew:        -0.023ns (DCD - SCD + CPR)
    Destination Clock Delay (DCD):    5.621ns = ( 13.621 - 8.000 ) 
    Source Clock Delay      (SCD):    6.126ns
    Clock Pessimism Removal (CPR):    0.482ns
  Clock Uncertainty:      0.035ns  ((TSJ^2 + TIJ^2)^1/2 + DJ) / 2 + PE
    Total System Jitter     (TSJ):    0.071ns
    Total Input Jitter      (TIJ):    0.000ns
    Discrete Jitter          (DJ):    0.000ns
    Phase Error              (PE):    0.000ns

    Location             Delay type                Incr(ns)  Path(ns)    Netlist Resource(s)
  -------------------------------------------------------------------    -------------------
                         (clock sys_clk_pin rise edge)
                                                      0.000     0.000 r  
    H16                                               0.000     0.000 r  CLK (IN)
                         net (fo=0)                   0.000     0.000    CLK
    H16                  IBUF (Prop_ibuf_I_O)         1.451     1.451 r  CLK_IBUF_inst/O
                         net (fo=1, routed)           2.522     3.973    CLK_IBUF
    BUFGCTRL_X0Y16       BUFG (Prop_bufg_I_O)         0.101     4.074 r  CLK_IBUF_BUFG_inst/O
                         net (fo=80, routed)          2.052     6.126    d1/CLK_IBUF_BUFG
    SLICE_X108Y111       FDRE                                         r  d1/cnt22_reg[19]/C
  -------------------------------------------------------------------    -------------------
    SLICE_X108Y111       FDRE (Prop_fdre_C_Q)         0.518     6.644 r  d1/cnt22_reg[19]/Q
                         net (fo=2, routed)           1.075     7.719    d1/cnt22_reg[19]
    SLICE_X109Y111       LUT6 (Prop_lut6_I1_O)        0.124     7.843 r  d1/ff1_i_4__0/O
                         net (fo=1, routed)           0.405     8.248    d1/ff1_i_4__0_n_0
    SLICE_X109Y110       LUT2 (Prop_lut2_I0_O)        0.124     8.372 r  d1/ff1_i_2__0/O
                         net (fo=4, routed)           0.309     8.681    d1/ff1_i_2__0_n_0
    SLICE_X109Y109       LUT6 (Prop_lut6_I4_O)        0.124     8.805 r  d1/cnt22[0]_i_1__0/O
                         net (fo=22, routed)          0.785     9.590    d1/cnt22[0]_i_1__0_n_0
    SLICE_X108Y107       FDRE                                         r  d1/cnt22_reg[1]/R
  -------------------------------------------------------------------    -------------------

                         (clock sys_clk_pin rise edge)
                                                      8.000     8.000 r  
    H16                                               0.000     8.000 r  CLK (IN)
                         net (fo=0)                   0.000     8.000    CLK
    H16                  IBUF (Prop_ibuf_I_O)         1.380     9.380 r  CLK_IBUF_inst/O
                         net (fo=1, routed)           2.293    11.673    CLK_IBUF
    BUFGCTRL_X0Y16       BUFG (Prop_bufg_I_O)         0.091    11.764 r  CLK_IBUF_BUFG_inst/O
                         net (fo=80, routed)          1.856    13.621    d1/CLK_IBUF_BUFG
    SLICE_X108Y107       FDRE                                         r  d1/cnt22_reg[1]/C
                         clock pessimism              0.482    14.103    
                         clock uncertainty           -0.035    14.067    
    SLICE_X108Y107       FDRE (Setup_fdre_C_R)       -0.524    13.543    d1/cnt22_reg[1]
  -------------------------------------------------------------------
                         required time                         13.543    
                         arrival time                          -9.590    
  -------------------------------------------------------------------
                         slack                                  3.953    

Slack (MET) :             3.953ns  (required time - arrival time)
  Source:                 d1/cnt22_reg[19]/C
                            (rising edge-triggered cell FDRE clocked by sys_clk_pin  {rise@0.000ns fall@4.000ns period=8.000ns})
  Destination:            d1/cnt22_reg[2]/R
                            (rising edge-triggered cell FDRE clocked by sys_clk_pin  {rise@0.000ns fall@4.000ns period=8.000ns})
  Path Group:             sys_clk_pin
  Path Type:              Setup (Max at Slow Process Corner)
  Requirement:            8.000ns  (sys_clk_pin rise@8.000ns - sys_clk_pin rise@0.000ns)
  Data Path Delay:        3.464ns  (logic 0.890ns (25.689%)  route 2.574ns (74.311%))
  Logic Levels:           3  (LUT2=1 LUT6=2)
  Clock Path Skew:        -0.023ns (DCD - SCD + CPR)
    Destination Clock Delay (DCD):    5.621ns = ( 13.621 - 8.000 ) 
    Source Clock Delay      (SCD):    6.126ns
    Clock Pessimism Removal (CPR):    0.482ns
  Clock Uncertainty:      0.035ns  ((TSJ^2 + TIJ^2)^1/2 + DJ) / 2 + PE
    Total System Jitter     (TSJ):    0.071ns
    Total Input Jitter      (TIJ):    0.000ns
    Discrete Jitter          (DJ):    0.000ns
    Phase Error              (PE):    0.000ns

    Location             Delay type                Incr(ns)  Path(ns)    Netlist Resource(s)
  -------------------------------------------------------------------    -------------------
                         (clock sys_clk_pin rise edge)
                                                      0.000     0.000 r  
    H16                                               0.000     0.000 r  CLK (IN)
                         net (fo=0)                   0.000     0.000    CLK
    H16                  IBUF (Prop_ibuf_I_O)         1.451     1.451 r  CLK_IBUF_inst/O
                         net (fo=1, routed)           2.522     3.973    CLK_IBUF
    BUFGCTRL_X0Y16       BUFG (Prop_bufg_I_O)         0.101     4.074 r  CLK_IBUF_BUFG_inst/O
                         net (fo=80, routed)          2.052     6.126    d1/CLK_IBUF_BUFG
    SLICE_X108Y111       FDRE                                         r  d1/cnt22_reg[19]/C
  -------------------------------------------------------------------    -------------------
    SLICE_X108Y111       FDRE (Prop_fdre_C_Q)         0.518     6.644 r  d1/cnt22_reg[19]/Q
                         net (fo=2, routed)           1.075     7.719    d1/cnt22_reg[19]
    SLICE_X109Y111       LUT6 (Prop_lut6_I1_O)        0.124     7.843 r  d1/ff1_i_4__0/O
                         net (fo=1, routed)           0.405     8.248    d1/ff1_i_4__0_n_0
    SLICE_X109Y110       LUT2 (Prop_lut2_I0_O)        0.124     8.372 r  d1/ff1_i_2__0/O
                         net (fo=4, routed)           0.309     8.681    d1/ff1_i_2__0_n_0
    SLICE_X109Y109       LUT6 (Prop_lut6_I4_O)        0.124     8.805 r  d1/cnt22[0]_i_1__0/O
                         net (fo=22, routed)          0.785     9.590    d1/cnt22[0]_i_1__0_n_0
    SLICE_X108Y107       FDRE                                         r  d1/cnt22_reg[2]/R
  -------------------------------------------------------------------    -------------------

                         (clock sys_clk_pin rise edge)
                                                      8.000     8.000 r  
    H16                                               0.000     8.000 r  CLK (IN)
                         net (fo=0)                   0.000     8.000    CLK
    H16                  IBUF (Prop_ibuf_I_O)         1.380     9.380 r  CLK_IBUF_inst/O
                         net (fo=1, routed)           2.293    11.673    CLK_IBUF
    BUFGCTRL_X0Y16       BUFG (Prop_bufg_I_O)         0.091    11.764 r  CLK_IBUF_BUFG_inst/O
                         net (fo=80, routed)          1.856    13.621    d1/CLK_IBUF_BUFG
    SLICE_X108Y107       FDRE                                         r  d1/cnt22_reg[2]/C
                         clock pessimism              0.482    14.103    
                         clock uncertainty           -0.035    14.067    
    SLICE_X108Y107       FDRE (Setup_fdre_C_R)       -0.524    13.543    d1/cnt22_reg[2]
  -------------------------------------------------------------------
                         required time                         13.543    
                         arrival time                          -9.590    
  -------------------------------------------------------------------
                         slack                                  3.953    

Slack (MET) :             3.953ns  (required time - arrival time)
  Source:                 d1/cnt22_reg[19]/C
                            (rising edge-triggered cell FDRE clocked by sys_clk_pin  {rise@0.000ns fall@4.000ns period=8.000ns})
  Destination:            d1/cnt22_reg[3]/R
                            (rising edge-triggered cell FDRE clocked by sys_clk_pin  {rise@0.000ns fall@4.000ns period=8.000ns})
  Path Group:             sys_clk_pin
  Path Type:              Setup (Max at Slow Process Corner)
  Requirement:            8.000ns  (sys_clk_pin rise@8.000ns - sys_clk_pin rise@0.000ns)
  Data Path Delay:        3.464ns  (logic 0.890ns (25.689%)  route 2.574ns (74.311%))
  Logic Levels:           3  (LUT2=1 LUT6=2)
  Clock Path Skew:        -0.023ns (DCD - SCD + CPR)
    Destination Clock Delay (DCD):    5.621ns = ( 13.621 - 8.000 ) 
    Source Clock Delay      (SCD):    6.126ns
    Clock Pessimism Removal (CPR):    0.482ns
  Clock Uncertainty:      0.035ns  ((TSJ^2 + TIJ^2)^1/2 + DJ) / 2 + PE
    Total System Jitter     (TSJ):    0.071ns
    Total Input Jitter      (TIJ):    0.000ns
    Discrete Jitter          (DJ):    0.000ns
    Phase Error              (PE):    0.000ns

    Location             Delay type                Incr(ns)  Path(ns)    Netlist Resource(s)
  -------------------------------------------------------------------    -------------------
                         (clock sys_clk_pin rise edge)
                                                      0.000     0.000 r  
    H16                                               0.000     0.000 r  CLK (IN)
                         net (fo=0)                   0.000     0.000    CLK
    H16                  IBUF (Prop_ibuf_I_O)         1.451     1.451 r  CLK_IBUF_inst/O
                         net (fo=1, routed)           2.522     3.973    CLK_IBUF
    BUFGCTRL_X0Y16       BUFG (Prop_bufg_I_O)         0.101     4.074 r  CLK_IBUF_BUFG_inst/O
                         net (fo=80, routed)          2.052     6.126    d1/CLK_IBUF_BUFG
    SLICE_X108Y111       FDRE                                         r  d1/cnt22_reg[19]/C
  -------------------------------------------------------------------    -------------------
    SLICE_X108Y111       FDRE (Prop_fdre_C_Q)         0.518     6.644 r  d1/cnt22_reg[19]/Q
                         net (fo=2, routed)           1.075     7.719    d1/cnt22_reg[19]
    SLICE_X109Y111       LUT6 (Prop_lut6_I1_O)        0.124     7.843 r  d1/ff1_i_4__0/O
                         net (fo=1, routed)           0.405     8.248    d1/ff1_i_4__0_n_0
    SLICE_X109Y110       LUT2 (Prop_lut2_I0_O)        0.124     8.372 r  d1/ff1_i_2__0/O
                         net (fo=4, routed)           0.309     8.681    d1/ff1_i_2__0_n_0
    SLICE_X109Y109       LUT6 (Prop_lut6_I4_O)        0.124     8.805 r  d1/cnt22[0]_i_1__0/O
                         net (fo=22, routed)          0.785     9.590    d1/cnt22[0]_i_1__0_n_0
    SLICE_X108Y107       FDRE                                         r  d1/cnt22_reg[3]/R
  -------------------------------------------------------------------    -------------------

                         (clock sys_clk_pin rise edge)
                                                      8.000     8.000 r  
    H16                                               0.000     8.000 r  CLK (IN)
                         net (fo=0)                   0.000     8.000    CLK
    H16                  IBUF (Prop_ibuf_I_O)         1.380     9.380 r  CLK_IBUF_inst/O
                         net (fo=1, routed)           2.293    11.673    CLK_IBUF
    BUFGCTRL_X0Y16       BUFG (Prop_bufg_I_O)         0.091    11.764 r  CLK_IBUF_BUFG_inst/O
                         net (fo=80, routed)          1.856    13.621    d1/CLK_IBUF_BUFG
    SLICE_X108Y107       FDRE                                         r  d1/cnt22_reg[3]/C
                         clock pessimism              0.482    14.103    
                         clock uncertainty           -0.035    14.067    
    SLICE_X108Y107       FDRE (Setup_fdre_C_R)       -0.524    13.543    d1/cnt22_reg[3]
  -------------------------------------------------------------------
                         required time                         13.543    
                         arrival time                          -9.590    
  -------------------------------------------------------------------
                         slack                                  3.953    

Slack (MET) :             4.051ns  (required time - arrival time)
  Source:                 d0/cnt22_reg[2]/C
                            (rising edge-triggered cell FDRE clocked by sys_clk_pin  {rise@0.000ns fall@4.000ns period=8.000ns})
  Destination:            d0/cnt22_reg[16]/R
                            (rising edge-triggered cell FDRE clocked by sys_clk_pin  {rise@0.000ns fall@4.000ns period=8.000ns})
  Path Group:             sys_clk_pin
  Path Type:              Setup (Max at Slow Process Corner)
  Requirement:            8.000ns  (sys_clk_pin rise@8.000ns - sys_clk_pin rise@0.000ns)
  Data Path Delay:        3.458ns  (logic 0.934ns (27.012%)  route 2.524ns (72.988%))
  Logic Levels:           2  (LUT2=1 LUT6=1)
  Clock Path Skew:        -0.027ns (DCD - SCD + CPR)
    Destination Clock Delay (DCD):    5.622ns = ( 13.622 - 8.000 ) 
    Source Clock Delay      (SCD):    6.130ns
    Clock Pessimism Removal (CPR):    0.481ns
  Clock Uncertainty:      0.035ns  ((TSJ^2 + TIJ^2)^1/2 + DJ) / 2 + PE
    Total System Jitter     (TSJ):    0.071ns
    Total Input Jitter      (TIJ):    0.000ns
    Discrete Jitter          (DJ):    0.000ns
    Phase Error              (PE):    0.000ns

    Location             Delay type                Incr(ns)  Path(ns)    Netlist Resource(s)
  -------------------------------------------------------------------    -------------------
                         (clock sys_clk_pin rise edge)
                                                      0.000     0.000 r  
    H16                                               0.000     0.000 r  CLK (IN)
                         net (fo=0)                   0.000     0.000    CLK
    H16                  IBUF (Prop_ibuf_I_O)         1.451     1.451 r  CLK_IBUF_inst/O
                         net (fo=1, routed)           2.522     3.973    CLK_IBUF
    BUFGCTRL_X0Y16       BUFG (Prop_bufg_I_O)         0.101     4.074 r  CLK_IBUF_BUFG_inst/O
                         net (fo=80, routed)          2.056     6.130    d0/CLK_IBUF_BUFG
    SLICE_X111Y107       FDRE                                         r  d0/cnt22_reg[2]/C
  -------------------------------------------------------------------    -------------------
    SLICE_X111Y107       FDRE (Prop_fdre_C_Q)         0.456     6.586 r  d0/cnt22_reg[2]/Q
                         net (fo=5, routed)           1.271     7.857    d0/cnt22_reg[2]
    SLICE_X110Y107       LUT2 (Prop_lut2_I0_O)        0.152     8.009 r  d0/cnt22[0]_i_3/O
                         net (fo=1, routed)           0.441     8.450    d0/cnt22[0]_i_3_n_0
    SLICE_X110Y107       LUT6 (Prop_lut6_I0_O)        0.326     8.776 r  d0/cnt22[0]_i_1/O
                         net (fo=22, routed)          0.812     9.587    d0/cnt22[0]_i_1_n_0
    SLICE_X111Y111       FDRE                                         r  d0/cnt22_reg[16]/R
  -------------------------------------------------------------------    -------------------

                         (clock sys_clk_pin rise edge)
                                                      8.000     8.000 r  
    H16                                               0.000     8.000 r  CLK (IN)
                         net (fo=0)                   0.000     8.000    CLK
    H16                  IBUF (Prop_ibuf_I_O)         1.380     9.380 r  CLK_IBUF_inst/O
                         net (fo=1, routed)           2.293    11.673    CLK_IBUF
    BUFGCTRL_X0Y16       BUFG (Prop_bufg_I_O)         0.091    11.764 r  CLK_IBUF_BUFG_inst/O
                         net (fo=80, routed)          1.857    13.622    d0/CLK_IBUF_BUFG
    SLICE_X111Y111       FDRE                                         r  d0/cnt22_reg[16]/C
                         clock pessimism              0.481    14.103    
                         clock uncertainty           -0.035    14.067    
    SLICE_X111Y111       FDRE (Setup_fdre_C_R)       -0.429    13.638    d0/cnt22_reg[16]
  -------------------------------------------------------------------
                         required time                         13.638    
                         arrival time                          -9.587    
  -------------------------------------------------------------------
                         slack                                  4.051    

Slack (MET) :             4.051ns  (required time - arrival time)
  Source:                 d0/cnt22_reg[2]/C
                            (rising edge-triggered cell FDRE clocked by sys_clk_pin  {rise@0.000ns fall@4.000ns period=8.000ns})
  Destination:            d0/cnt22_reg[17]/R
                            (rising edge-triggered cell FDRE clocked by sys_clk_pin  {rise@0.000ns fall@4.000ns period=8.000ns})
  Path Group:             sys_clk_pin
  Path Type:              Setup (Max at Slow Process Corner)
  Requirement:            8.000ns  (sys_clk_pin rise@8.000ns - sys_clk_pin rise@0.000ns)
  Data Path Delay:        3.458ns  (logic 0.934ns (27.012%)  route 2.524ns (72.988%))
  Logic Levels:           2  (LUT2=1 LUT6=1)
  Clock Path Skew:        -0.027ns (DCD - SCD + CPR)
    Destination Clock Delay (DCD):    5.622ns = ( 13.622 - 8.000 ) 
    Source Clock Delay      (SCD):    6.130ns
    Clock Pessimism Removal (CPR):    0.481ns
  Clock Uncertainty:      0.035ns  ((TSJ^2 + TIJ^2)^1/2 + DJ) / 2 + PE
    Total System Jitter     (TSJ):    0.071ns
    Total Input Jitter      (TIJ):    0.000ns
    Discrete Jitter          (DJ):    0.000ns
    Phase Error              (PE):    0.000ns

    Location             Delay type                Incr(ns)  Path(ns)    Netlist Resource(s)
  -------------------------------------------------------------------    -------------------
                         (clock sys_clk_pin rise edge)
                                                      0.000     0.000 r  
    H16                                               0.000     0.000 r  CLK (IN)
                         net (fo=0)                   0.000     0.000    CLK
    H16                  IBUF (Prop_ibuf_I_O)         1.451     1.451 r  CLK_IBUF_inst/O
                         net (fo=1, routed)           2.522     3.973    CLK_IBUF
    BUFGCTRL_X0Y16       BUFG (Prop_bufg_I_O)         0.101     4.074 r  CLK_IBUF_BUFG_inst/O
                         net (fo=80, routed)          2.056     6.130    d0/CLK_IBUF_BUFG
    SLICE_X111Y107       FDRE                                         r  d0/cnt22_reg[2]/C
  -------------------------------------------------------------------    -------------------
    SLICE_X111Y107       FDRE (Prop_fdre_C_Q)         0.456     6.586 r  d0/cnt22_reg[2]/Q
                         net (fo=5, routed)           1.271     7.857    d0/cnt22_reg[2]
    SLICE_X110Y107       LUT2 (Prop_lut2_I0_O)        0.152     8.009 r  d0/cnt22[0]_i_3/O
                         net (fo=1, routed)           0.441     8.450    d0/cnt22[0]_i_3_n_0
    SLICE_X110Y107       LUT6 (Prop_lut6_I0_O)        0.326     8.776 r  d0/cnt22[0]_i_1/O
                         net (fo=22, routed)          0.812     9.587    d0/cnt22[0]_i_1_n_0
    SLICE_X111Y111       FDRE                                         r  d0/cnt22_reg[17]/R
  -------------------------------------------------------------------    -------------------

                         (clock sys_clk_pin rise edge)
                                                      8.000     8.000 r  
    H16                                               0.000     8.000 r  CLK (IN)
                         net (fo=0)                   0.000     8.000    CLK
    H16                  IBUF (Prop_ibuf_I_O)         1.380     9.380 r  CLK_IBUF_inst/O
                         net (fo=1, routed)           2.293    11.673    CLK_IBUF
    BUFGCTRL_X0Y16       BUFG (Prop_bufg_I_O)         0.091    11.764 r  CLK_IBUF_BUFG_inst/O
                         net (fo=80, routed)          1.857    13.622    d0/CLK_IBUF_BUFG
    SLICE_X111Y111       FDRE                                         r  d0/cnt22_reg[17]/C
                         clock pessimism              0.481    14.103    
                         clock uncertainty           -0.035    14.067    
    SLICE_X111Y111       FDRE (Setup_fdre_C_R)       -0.429    13.638    d0/cnt22_reg[17]
  -------------------------------------------------------------------
                         required time                         13.638    
                         arrival time                          -9.587    
  -------------------------------------------------------------------
                         slack                                  4.051    

Slack (MET) :             4.051ns  (required time - arrival time)
  Source:                 d0/cnt22_reg[2]/C
                            (rising edge-triggered cell FDRE clocked by sys_clk_pin  {rise@0.000ns fall@4.000ns period=8.000ns})
  Destination:            d0/cnt22_reg[18]/R
                            (rising edge-triggered cell FDRE clocked by sys_clk_pin  {rise@0.000ns fall@4.000ns period=8.000ns})
  Path Group:             sys_clk_pin
  Path Type:              Setup (Max at Slow Process Corner)
  Requirement:            8.000ns  (sys_clk_pin rise@8.000ns - sys_clk_pin rise@0.000ns)
  Data Path Delay:        3.458ns  (logic 0.934ns (27.012%)  route 2.524ns (72.988%))
  Logic Levels:           2  (LUT2=1 LUT6=1)
  Clock Path Skew:        -0.027ns (DCD - SCD + CPR)
    Destination Clock Delay (DCD):    5.622ns = ( 13.622 - 8.000 ) 
    Source Clock Delay      (SCD):    6.130ns
    Clock Pessimism Removal (CPR):    0.481ns
  Clock Uncertainty:      0.035ns  ((TSJ^2 + TIJ^2)^1/2 + DJ) / 2 + PE
    Total System Jitter     (TSJ):    0.071ns
    Total Input Jitter      (TIJ):    0.000ns
    Discrete Jitter          (DJ):    0.000ns
    Phase Error              (PE):    0.000ns

    Location             Delay type                Incr(ns)  Path(ns)    Netlist Resource(s)
  -------------------------------------------------------------------    -------------------
                         (clock sys_clk_pin rise edge)
                                                      0.000     0.000 r  
    H16                                               0.000     0.000 r  CLK (IN)
                         net (fo=0)                   0.000     0.000    CLK
    H16                  IBUF (Prop_ibuf_I_O)         1.451     1.451 r  CLK_IBUF_inst/O
                         net (fo=1, routed)           2.522     3.973    CLK_IBUF
    BUFGCTRL_X0Y16       BUFG (Prop_bufg_I_O)         0.101     4.074 r  CLK_IBUF_BUFG_inst/O
                         net (fo=80, routed)          2.056     6.130    d0/CLK_IBUF_BUFG
    SLICE_X111Y107       FDRE                                         r  d0/cnt22_reg[2]/C
  -------------------------------------------------------------------    -------------------
    SLICE_X111Y107       FDRE (Prop_fdre_C_Q)         0.456     6.586 r  d0/cnt22_reg[2]/Q
                         net (fo=5, routed)           1.271     7.857    d0/cnt22_reg[2]
    SLICE_X110Y107       LUT2 (Prop_lut2_I0_O)        0.152     8.009 r  d0/cnt22[0]_i_3/O
                         net (fo=1, routed)           0.441     8.450    d0/cnt22[0]_i_3_n_0
    SLICE_X110Y107       LUT6 (Prop_lut6_I0_O)        0.326     8.776 r  d0/cnt22[0]_i_1/O
                         net (fo=22, routed)          0.812     9.587    d0/cnt22[0]_i_1_n_0
    SLICE_X111Y111       FDRE                                         r  d0/cnt22_reg[18]/R
  -------------------------------------------------------------------    -------------------

                         (clock sys_clk_pin rise edge)
                                                      8.000     8.000 r  
    H16                                               0.000     8.000 r  CLK (IN)
                         net (fo=0)                   0.000     8.000    CLK
    H16                  IBUF (Prop_ibuf_I_O)         1.380     9.380 r  CLK_IBUF_inst/O
                         net (fo=1, routed)           2.293    11.673    CLK_IBUF
    BUFGCTRL_X0Y16       BUFG (Prop_bufg_I_O)         0.091    11.764 r  CLK_IBUF_BUFG_inst/O
                         net (fo=80, routed)          1.857    13.622    d0/CLK_IBUF_BUFG
    SLICE_X111Y111       FDRE                                         r  d0/cnt22_reg[18]/C
                         clock pessimism              0.481    14.103    
                         clock uncertainty           -0.035    14.067    
    SLICE_X111Y111       FDRE (Setup_fdre_C_R)       -0.429    13.638    d0/cnt22_reg[18]
  -------------------------------------------------------------------
                         required time                         13.638    
                         arrival time                          -9.587    
  -------------------------------------------------------------------
                         slack                                  4.051    

Slack (MET) :             4.051ns  (required time - arrival time)
  Source:                 d0/cnt22_reg[2]/C
                            (rising edge-triggered cell FDRE clocked by sys_clk_pin  {rise@0.000ns fall@4.000ns period=8.000ns})
  Destination:            d0/cnt22_reg[19]/R
                            (rising edge-triggered cell FDRE clocked by sys_clk_pin  {rise@0.000ns fall@4.000ns period=8.000ns})
  Path Group:             sys_clk_pin
  Path Type:              Setup (Max at Slow Process Corner)
  Requirement:            8.000ns  (sys_clk_pin rise@8.000ns - sys_clk_pin rise@0.000ns)
  Data Path Delay:        3.458ns  (logic 0.934ns (27.012%)  route 2.524ns (72.988%))
  Logic Levels:           2  (LUT2=1 LUT6=1)
  Clock Path Skew:        -0.027ns (DCD - SCD + CPR)
    Destination Clock Delay (DCD):    5.622ns = ( 13.622 - 8.000 ) 
    Source Clock Delay      (SCD):    6.130ns
    Clock Pessimism Removal (CPR):    0.481ns
  Clock Uncertainty:      0.035ns  ((TSJ^2 + TIJ^2)^1/2 + DJ) / 2 + PE
    Total System Jitter     (TSJ):    0.071ns
    Total Input Jitter      (TIJ):    0.000ns
    Discrete Jitter          (DJ):    0.000ns
    Phase Error              (PE):    0.000ns

    Location             Delay type                Incr(ns)  Path(ns)    Netlist Resource(s)
  -------------------------------------------------------------------    -------------------
                         (clock sys_clk_pin rise edge)
                                                      0.000     0.000 r  
    H16                                               0.000     0.000 r  CLK (IN)
                         net (fo=0)                   0.000     0.000    CLK
    H16                  IBUF (Prop_ibuf_I_O)         1.451     1.451 r  CLK_IBUF_inst/O
                         net (fo=1, routed)           2.522     3.973    CLK_IBUF
    BUFGCTRL_X0Y16       BUFG (Prop_bufg_I_O)         0.101     4.074 r  CLK_IBUF_BUFG_inst/O
                         net (fo=80, routed)          2.056     6.130    d0/CLK_IBUF_BUFG
    SLICE_X111Y107       FDRE                                         r  d0/cnt22_reg[2]/C
  -------------------------------------------------------------------    -------------------
    SLICE_X111Y107       FDRE (Prop_fdre_C_Q)         0.456     6.586 r  d0/cnt22_reg[2]/Q
                         net (fo=5, routed)           1.271     7.857    d0/cnt22_reg[2]
    SLICE_X110Y107       LUT2 (Prop_lut2_I0_O)        0.152     8.009 r  d0/cnt22[0]_i_3/O
                         net (fo=1, routed)           0.441     8.450    d0/cnt22[0]_i_3_n_0
    SLICE_X110Y107       LUT6 (Prop_lut6_I0_O)        0.326     8.776 r  d0/cnt22[0]_i_1/O
                         net (fo=22, routed)          0.812     9.587    d0/cnt22[0]_i_1_n_0
    SLICE_X111Y111       FDRE                                         r  d0/cnt22_reg[19]/R
  -------------------------------------------------------------------    -------------------

                         (clock sys_clk_pin rise edge)
                                                      8.000     8.000 r  
    H16                                               0.000     8.000 r  CLK (IN)
                         net (fo=0)                   0.000     8.000    CLK
    H16                  IBUF (Prop_ibuf_I_O)         1.380     9.380 r  CLK_IBUF_inst/O
                         net (fo=1, routed)           2.293    11.673    CLK_IBUF
    BUFGCTRL_X0Y16       BUFG (Prop_bufg_I_O)         0.091    11.764 r  CLK_IBUF_BUFG_inst/O
                         net (fo=80, routed)          1.857    13.622    d0/CLK_IBUF_BUFG
    SLICE_X111Y111       FDRE                                         r  d0/cnt22_reg[19]/C
                         clock pessimism              0.481    14.103    
                         clock uncertainty           -0.035    14.067    
    SLICE_X111Y111       FDRE (Setup_fdre_C_R)       -0.429    13.638    d0/cnt22_reg[19]
  -------------------------------------------------------------------
                         required time                         13.638    
                         arrival time                          -9.587    
  -------------------------------------------------------------------
                         slack                                  4.051    

Slack (MET) :             4.086ns  (required time - arrival time)
  Source:                 d1/cnt22_reg[19]/C
                            (rising edge-triggered cell FDRE clocked by sys_clk_pin  {rise@0.000ns fall@4.000ns period=8.000ns})
  Destination:            d1/cnt22_reg[10]/R
                            (rising edge-triggered cell FDRE clocked by sys_clk_pin  {rise@0.000ns fall@4.000ns period=8.000ns})
  Path Group:             sys_clk_pin
  Path Type:              Setup (Max at Slow Process Corner)
  Requirement:            8.000ns  (sys_clk_pin rise@8.000ns - sys_clk_pin rise@0.000ns)
  Data Path Delay:        3.331ns  (logic 0.890ns (26.720%)  route 2.441ns (73.280%))
  Logic Levels:           3  (LUT2=1 LUT6=2)
  Clock Path Skew:        -0.024ns (DCD - SCD + CPR)
    Destination Clock Delay (DCD):    5.620ns = ( 13.620 - 8.000 ) 
    Source Clock Delay      (SCD):    6.126ns
    Clock Pessimism Removal (CPR):    0.482ns
  Clock Uncertainty:      0.035ns  ((TSJ^2 + TIJ^2)^1/2 + DJ) / 2 + PE
    Total System Jitter     (TSJ):    0.071ns
    Total Input Jitter      (TIJ):    0.000ns
    Discrete Jitter          (DJ):    0.000ns
    Phase Error              (PE):    0.000ns

    Location             Delay type                Incr(ns)  Path(ns)    Netlist Resource(s)
  -------------------------------------------------------------------    -------------------
                         (clock sys_clk_pin rise edge)
                                                      0.000     0.000 r  
    H16                                               0.000     0.000 r  CLK (IN)
                         net (fo=0)                   0.000     0.000    CLK
    H16                  IBUF (Prop_ibuf_I_O)         1.451     1.451 r  CLK_IBUF_inst/O
                         net (fo=1, routed)           2.522     3.973    CLK_IBUF
    BUFGCTRL_X0Y16       BUFG (Prop_bufg_I_O)         0.101     4.074 r  CLK_IBUF_BUFG_inst/O
                         net (fo=80, routed)          2.052     6.126    d1/CLK_IBUF_BUFG
    SLICE_X108Y111       FDRE                                         r  d1/cnt22_reg[19]/C
  -------------------------------------------------------------------    -------------------
    SLICE_X108Y111       FDRE (Prop_fdre_C_Q)         0.518     6.644 r  d1/cnt22_reg[19]/Q
                         net (fo=2, routed)           1.075     7.719    d1/cnt22_reg[19]
    SLICE_X109Y111       LUT6 (Prop_lut6_I1_O)        0.124     7.843 r  d1/ff1_i_4__0/O
                         net (fo=1, routed)           0.405     8.248    d1/ff1_i_4__0_n_0
    SLICE_X109Y110       LUT2 (Prop_lut2_I0_O)        0.124     8.372 r  d1/ff1_i_2__0/O
                         net (fo=4, routed)           0.309     8.681    d1/ff1_i_2__0_n_0
    SLICE_X109Y109       LUT6 (Prop_lut6_I4_O)        0.124     8.805 r  d1/cnt22[0]_i_1__0/O
                         net (fo=22, routed)          0.652     9.456    d1/cnt22[0]_i_1__0_n_0
    SLICE_X108Y109       FDRE                                         r  d1/cnt22_reg[10]/R
  -------------------------------------------------------------------    -------------------

                         (clock sys_clk_pin rise edge)
                                                      8.000     8.000 r  
    H16                                               0.000     8.000 r  CLK (IN)
                         net (fo=0)                   0.000     8.000    CLK
    H16                  IBUF (Prop_ibuf_I_O)         1.380     9.380 r  CLK_IBUF_inst/O
                         net (fo=1, routed)           2.293    11.673    CLK_IBUF
    BUFGCTRL_X0Y16       BUFG (Prop_bufg_I_O)         0.091    11.764 r  CLK_IBUF_BUFG_inst/O
                         net (fo=80, routed)          1.855    13.620    d1/CLK_IBUF_BUFG
    SLICE_X108Y109       FDRE                                         r  d1/cnt22_reg[10]/C
                         clock pessimism              0.482    14.102    
                         clock uncertainty           -0.035    14.066    
    SLICE_X108Y109       FDRE (Setup_fdre_C_R)       -0.524    13.542    d1/cnt22_reg[10]
  -------------------------------------------------------------------
                         required time                         13.542    
                         arrival time                          -9.456    
  -------------------------------------------------------------------
                         slack                                  4.086    

Slack (MET) :             4.086ns  (required time - arrival time)
  Source:                 d1/cnt22_reg[19]/C
                            (rising edge-triggered cell FDRE clocked by sys_clk_pin  {rise@0.000ns fall@4.000ns period=8.000ns})
  Destination:            d1/cnt22_reg[11]/R
                            (rising edge-triggered cell FDRE clocked by sys_clk_pin  {rise@0.000ns fall@4.000ns period=8.000ns})
  Path Group:             sys_clk_pin
  Path Type:              Setup (Max at Slow Process Corner)
  Requirement:            8.000ns  (sys_clk_pin rise@8.000ns - sys_clk_pin rise@0.000ns)
  Data Path Delay:        3.331ns  (logic 0.890ns (26.720%)  route 2.441ns (73.280%))
  Logic Levels:           3  (LUT2=1 LUT6=2)
  Clock Path Skew:        -0.024ns (DCD - SCD + CPR)
    Destination Clock Delay (DCD):    5.620ns = ( 13.620 - 8.000 ) 
    Source Clock Delay      (SCD):    6.126ns
    Clock Pessimism Removal (CPR):    0.482ns
  Clock Uncertainty:      0.035ns  ((TSJ^2 + TIJ^2)^1/2 + DJ) / 2 + PE
    Total System Jitter     (TSJ):    0.071ns
    Total Input Jitter      (TIJ):    0.000ns
    Discrete Jitter          (DJ):    0.000ns
    Phase Error              (PE):    0.000ns

    Location             Delay type                Incr(ns)  Path(ns)    Netlist Resource(s)
  -------------------------------------------------------------------    -------------------
                         (clock sys_clk_pin rise edge)
                                                      0.000     0.000 r  
    H16                                               0.000     0.000 r  CLK (IN)
                         net (fo=0)                   0.000     0.000    CLK
    H16                  IBUF (Prop_ibuf_I_O)         1.451     1.451 r  CLK_IBUF_inst/O
                         net (fo=1, routed)           2.522     3.973    CLK_IBUF
    BUFGCTRL_X0Y16       BUFG (Prop_bufg_I_O)         0.101     4.074 r  CLK_IBUF_BUFG_inst/O
                         net (fo=80, routed)          2.052     6.126    d1/CLK_IBUF_BUFG
    SLICE_X108Y111       FDRE                                         r  d1/cnt22_reg[19]/C
  -------------------------------------------------------------------    -------------------
    SLICE_X108Y111       FDRE (Prop_fdre_C_Q)         0.518     6.644 r  d1/cnt22_reg[19]/Q
                         net (fo=2, routed)           1.075     7.719    d1/cnt22_reg[19]
    SLICE_X109Y111       LUT6 (Prop_lut6_I1_O)        0.124     7.843 r  d1/ff1_i_4__0/O
                         net (fo=1, routed)           0.405     8.248    d1/ff1_i_4__0_n_0
    SLICE_X109Y110       LUT2 (Prop_lut2_I0_O)        0.124     8.372 r  d1/ff1_i_2__0/O
                         net (fo=4, routed)           0.309     8.681    d1/ff1_i_2__0_n_0
    SLICE_X109Y109       LUT6 (Prop_lut6_I4_O)        0.124     8.805 r  d1/cnt22[0]_i_1__0/O
                         net (fo=22, routed)          0.652     9.456    d1/cnt22[0]_i_1__0_n_0
    SLICE_X108Y109       FDRE                                         r  d1/cnt22_reg[11]/R
  -------------------------------------------------------------------    -------------------

                         (clock sys_clk_pin rise edge)
                                                      8.000     8.000 r  
    H16                                               0.000     8.000 r  CLK (IN)
                         net (fo=0)                   0.000     8.000    CLK
    H16                  IBUF (Prop_ibuf_I_O)         1.380     9.380 r  CLK_IBUF_inst/O
                         net (fo=1, routed)           2.293    11.673    CLK_IBUF
    BUFGCTRL_X0Y16       BUFG (Prop_bufg_I_O)         0.091    11.764 r  CLK_IBUF_BUFG_inst/O
                         net (fo=80, routed)          1.855    13.620    d1/CLK_IBUF_BUFG
    SLICE_X108Y109       FDRE                                         r  d1/cnt22_reg[11]/C
                         clock pessimism              0.482    14.102    
                         clock uncertainty           -0.035    14.066    
    SLICE_X108Y109       FDRE (Setup_fdre_C_R)       -0.524    13.542    d1/cnt22_reg[11]
  -------------------------------------------------------------------
                         required time                         13.542    
                         arrival time                          -9.456    
  -------------------------------------------------------------------
                         slack                                  4.086    





Min Delay Paths
--------------------------------------------------------------------------------------
Slack (MET) :             0.196ns  (arrival time - required time)
  Source:                 speed_reg[0]/C
                            (rising edge-triggered cell FDRE clocked by sys_clk_pin  {rise@0.000ns fall@4.000ns period=8.000ns})
  Destination:            speed_reg[1]/D
                            (rising edge-triggered cell FDRE clocked by sys_clk_pin  {rise@0.000ns fall@4.000ns period=8.000ns})
  Path Group:             sys_clk_pin
  Path Type:              Hold (Min at Fast Process Corner)
  Requirement:            0.000ns  (sys_clk_pin rise@0.000ns - sys_clk_pin rise@0.000ns)
  Data Path Delay:        0.327ns  (logic 0.186ns (56.859%)  route 0.141ns (43.141%))
  Logic Levels:           1  (LUT4=1)
  Clock Path Skew:        0.039ns (DCD - SCD - CPR)
    Destination Clock Delay (DCD):    2.335ns
    Source Clock Delay      (SCD):    1.803ns
    Clock Pessimism Removal (CPR):    0.494ns

    Location             Delay type                Incr(ns)  Path(ns)    Netlist Resource(s)
  -------------------------------------------------------------------    -------------------
                         (clock sys_clk_pin rise edge)
                                                      0.000     0.000 r  
    H16                                               0.000     0.000 r  CLK (IN)
                         net (fo=0)                   0.000     0.000    CLK
    H16                  IBUF (Prop_ibuf_I_O)         0.219     0.219 r  CLK_IBUF_inst/O
                         net (fo=1, routed)           0.842     1.060    CLK_IBUF
    BUFGCTRL_X0Y16       BUFG (Prop_bufg_I_O)         0.026     1.086 r  CLK_IBUF_BUFG_inst/O
                         net (fo=80, routed)          0.716     1.803    CLK_IBUF_BUFG
    SLICE_X109Y108       FDRE                                         r  speed_reg[0]/C
  -------------------------------------------------------------------    -------------------
    SLICE_X109Y108       FDRE (Prop_fdre_C_Q)         0.141     1.944 r  speed_reg[0]/Q
                         net (fo=3, routed)           0.141     2.085    d1/speed[0]
    SLICE_X110Y108       LUT4 (Prop_lut4_I0_O)        0.045     2.130 r  d1/speed[1]_i_1/O
                         net (fo=1, routed)           0.000     2.130    d1_n_1
    SLICE_X110Y108       FDRE                                         r  speed_reg[1]/D
  -------------------------------------------------------------------    -------------------

                         (clock sys_clk_pin rise edge)
                                                      0.000     0.000 r  
    H16                                               0.000     0.000 r  CLK (IN)
                         net (fo=0)                   0.000     0.000    CLK
    H16                  IBUF (Prop_ibuf_I_O)         0.406     0.406 r  CLK_IBUF_inst/O
                         net (fo=1, routed)           0.907     1.313    CLK_IBUF
    BUFGCTRL_X0Y16       BUFG (Prop_bufg_I_O)         0.029     1.342 r  CLK_IBUF_BUFG_inst/O
                         net (fo=80, routed)          0.993     2.335    CLK_IBUF_BUFG
    SLICE_X110Y108       FDRE                                         r  speed_reg[1]/C
                         clock pessimism             -0.494     1.842    
    SLICE_X110Y108       FDRE (Hold_fdre_C_D)         0.092     1.934    speed_reg[1]
  -------------------------------------------------------------------
                         required time                         -1.934    
                         arrival time                           2.130    
  -------------------------------------------------------------------
                         slack                                  0.196    

Slack (MET) :             0.258ns  (arrival time - required time)
  Source:                 cnt3_reg[0]/C
                            (rising edge-triggered cell FDRE clocked by sys_clk_pin  {rise@0.000ns fall@4.000ns period=8.000ns})
  Destination:            cnt3_reg[2]/D
                            (rising edge-triggered cell FDRE clocked by sys_clk_pin  {rise@0.000ns fall@4.000ns period=8.000ns})
  Path Group:             sys_clk_pin
  Path Type:              Hold (Min at Fast Process Corner)
  Requirement:            0.000ns  (sys_clk_pin rise@0.000ns - sys_clk_pin rise@0.000ns)
  Data Path Delay:        0.365ns  (logic 0.183ns (50.090%)  route 0.182ns (49.910%))
  Logic Levels:           1  (LUT4=1)
  Clock Path Skew:        0.000ns (DCD - SCD - CPR)
    Destination Clock Delay (DCD):    2.336ns
    Source Clock Delay      (SCD):    1.805ns
    Clock Pessimism Removal (CPR):    0.532ns

    Location             Delay type                Incr(ns)  Path(ns)    Netlist Resource(s)
  -------------------------------------------------------------------    -------------------
                         (clock sys_clk_pin rise edge)
                                                      0.000     0.000 r  
    H16                                               0.000     0.000 r  CLK (IN)
                         net (fo=0)                   0.000     0.000    CLK
    H16                  IBUF (Prop_ibuf_I_O)         0.219     0.219 r  CLK_IBUF_inst/O
                         net (fo=1, routed)           0.842     1.060    CLK_IBUF
    BUFGCTRL_X0Y16       BUFG (Prop_bufg_I_O)         0.026     1.086 r  CLK_IBUF_BUFG_inst/O
                         net (fo=80, routed)          0.718     1.805    CLK_IBUF_BUFG
    SLICE_X113Y103       FDRE                                         r  cnt3_reg[0]/C
  -------------------------------------------------------------------    -------------------
    SLICE_X113Y103       FDRE (Prop_fdre_C_Q)         0.141     1.946 r  cnt3_reg[0]/Q
                         net (fo=7, routed)           0.182     2.128    cnt3[0]
    SLICE_X113Y103       LUT4 (Prop_lut4_I1_O)        0.042     2.170 r  cnt3[2]_i_1/O
                         net (fo=1, routed)           0.000     2.170    cnt3[2]_i_1_n_0
    SLICE_X113Y103       FDRE                                         r  cnt3_reg[2]/D
  -------------------------------------------------------------------    -------------------

                         (clock sys_clk_pin rise edge)
                                                      0.000     0.000 r  
    H16                                               0.000     0.000 r  CLK (IN)
                         net (fo=0)                   0.000     0.000    CLK
    H16                  IBUF (Prop_ibuf_I_O)         0.406     0.406 r  CLK_IBUF_inst/O
                         net (fo=1, routed)           0.907     1.313    CLK_IBUF
    BUFGCTRL_X0Y16       BUFG (Prop_bufg_I_O)         0.029     1.342 r  CLK_IBUF_BUFG_inst/O
                         net (fo=80, routed)          0.994     2.336    CLK_IBUF_BUFG
    SLICE_X113Y103       FDRE                                         r  cnt3_reg[2]/C
                         clock pessimism             -0.532     1.805    
    SLICE_X113Y103       FDRE (Hold_fdre_C_D)         0.107     1.912    cnt3_reg[2]
  -------------------------------------------------------------------
                         required time                         -1.912    
                         arrival time                           2.170    
  -------------------------------------------------------------------
                         slack                                  0.258    

Slack (MET) :             0.261ns  (arrival time - required time)
  Source:                 d0/cnt22_reg[15]/C
                            (rising edge-triggered cell FDRE clocked by sys_clk_pin  {rise@0.000ns fall@4.000ns period=8.000ns})
  Destination:            d0/cnt22_reg[15]/D
                            (rising edge-triggered cell FDRE clocked by sys_clk_pin  {rise@0.000ns fall@4.000ns period=8.000ns})
  Path Group:             sys_clk_pin
  Path Type:              Hold (Min at Fast Process Corner)
  Requirement:            0.000ns  (sys_clk_pin rise@0.000ns - sys_clk_pin rise@0.000ns)
  Data Path Delay:        0.366ns  (logic 0.249ns (67.994%)  route 0.117ns (32.006%))
  Logic Levels:           1  (CARRY4=1)
  Clock Path Skew:        0.000ns (DCD - SCD - CPR)
    Destination Clock Delay (DCD):    2.334ns
    Source Clock Delay      (SCD):    1.803ns
    Clock Pessimism Removal (CPR):    0.532ns

    Location             Delay type                Incr(ns)  Path(ns)    Netlist Resource(s)
  -------------------------------------------------------------------    -------------------
                         (clock sys_clk_pin rise edge)
                                                      0.000     0.000 r  
    H16                                               0.000     0.000 r  CLK (IN)
                         net (fo=0)                   0.000     0.000    CLK
    H16                  IBUF (Prop_ibuf_I_O)         0.219     0.219 r  CLK_IBUF_inst/O
                         net (fo=1, routed)           0.842     1.060    CLK_IBUF
    BUFGCTRL_X0Y16       BUFG (Prop_bufg_I_O)         0.026     1.086 r  CLK_IBUF_BUFG_inst/O
                         net (fo=80, routed)          0.716     1.803    d0/CLK_IBUF_BUFG
    SLICE_X111Y110       FDRE                                         r  d0/cnt22_reg[15]/C
  -------------------------------------------------------------------    -------------------
    SLICE_X111Y110       FDRE (Prop_fdre_C_Q)         0.141     1.944 r  d0/cnt22_reg[15]/Q
                         net (fo=2, routed)           0.117     2.061    d0/cnt22_reg[15]
    SLICE_X111Y110       CARRY4 (Prop_carry4_S[3]_O[3])
                                                      0.108     2.169 r  d0/cnt22_reg[12]_i_1/O[3]
                         net (fo=1, routed)           0.000     2.169    d0/cnt22_reg[12]_i_1_n_4
    SLICE_X111Y110       FDRE                                         r  d0/cnt22_reg[15]/D
  -------------------------------------------------------------------    -------------------

                         (clock sys_clk_pin rise edge)
                                                      0.000     0.000 r  
    H16                                               0.000     0.000 r  CLK (IN)
                         net (fo=0)                   0.000     0.000    CLK
    H16                  IBUF (Prop_ibuf_I_O)         0.406     0.406 r  CLK_IBUF_inst/O
                         net (fo=1, routed)           0.907     1.313    CLK_IBUF
    BUFGCTRL_X0Y16       BUFG (Prop_bufg_I_O)         0.029     1.342 r  CLK_IBUF_BUFG_inst/O
                         net (fo=80, routed)          0.992     2.334    d0/CLK_IBUF_BUFG
    SLICE_X111Y110       FDRE                                         r  d0/cnt22_reg[15]/C
                         clock pessimism             -0.532     1.803    
    SLICE_X111Y110       FDRE (Hold_fdre_C_D)         0.105     1.908    d0/cnt22_reg[15]
  -------------------------------------------------------------------
                         required time                         -1.908    
                         arrival time                           2.169    
  -------------------------------------------------------------------
                         slack                                  0.261    

Slack (MET) :             0.261ns  (arrival time - required time)
  Source:                 d0/cnt22_reg[19]/C
                            (rising edge-triggered cell FDRE clocked by sys_clk_pin  {rise@0.000ns fall@4.000ns period=8.000ns})
  Destination:            d0/cnt22_reg[19]/D
                            (rising edge-triggered cell FDRE clocked by sys_clk_pin  {rise@0.000ns fall@4.000ns period=8.000ns})
  Path Group:             sys_clk_pin
  Path Type:              Hold (Min at Fast Process Corner)
  Requirement:            0.000ns  (sys_clk_pin rise@0.000ns - sys_clk_pin rise@0.000ns)
  Data Path Delay:        0.366ns  (logic 0.249ns (67.994%)  route 0.117ns (32.006%))
  Logic Levels:           1  (CARRY4=1)
  Clock Path Skew:        0.000ns (DCD - SCD - CPR)
    Destination Clock Delay (DCD):    2.334ns
    Source Clock Delay      (SCD):    1.803ns
    Clock Pessimism Removal (CPR):    0.532ns

    Location             Delay type                Incr(ns)  Path(ns)    Netlist Resource(s)
  -------------------------------------------------------------------    -------------------
                         (clock sys_clk_pin rise edge)
                                                      0.000     0.000 r  
    H16                                               0.000     0.000 r  CLK (IN)
                         net (fo=0)                   0.000     0.000    CLK
    H16                  IBUF (Prop_ibuf_I_O)         0.219     0.219 r  CLK_IBUF_inst/O
                         net (fo=1, routed)           0.842     1.060    CLK_IBUF
    BUFGCTRL_X0Y16       BUFG (Prop_bufg_I_O)         0.026     1.086 r  CLK_IBUF_BUFG_inst/O
                         net (fo=80, routed)          0.716     1.803    d0/CLK_IBUF_BUFG
    SLICE_X111Y111       FDRE                                         r  d0/cnt22_reg[19]/C
  -------------------------------------------------------------------    -------------------
    SLICE_X111Y111       FDRE (Prop_fdre_C_Q)         0.141     1.944 r  d0/cnt22_reg[19]/Q
                         net (fo=2, routed)           0.117     2.061    d0/cnt22_reg[19]
    SLICE_X111Y111       CARRY4 (Prop_carry4_S[3]_O[3])
                                                      0.108     2.169 r  d0/cnt22_reg[16]_i_1/O[3]
                         net (fo=1, routed)           0.000     2.169    d0/cnt22_reg[16]_i_1_n_4
    SLICE_X111Y111       FDRE                                         r  d0/cnt22_reg[19]/D
  -------------------------------------------------------------------    -------------------

                         (clock sys_clk_pin rise edge)
                                                      0.000     0.000 r  
    H16                                               0.000     0.000 r  CLK (IN)
                         net (fo=0)                   0.000     0.000    CLK
    H16                  IBUF (Prop_ibuf_I_O)         0.406     0.406 r  CLK_IBUF_inst/O
                         net (fo=1, routed)           0.907     1.313    CLK_IBUF
    BUFGCTRL_X0Y16       BUFG (Prop_bufg_I_O)         0.029     1.342 r  CLK_IBUF_BUFG_inst/O
                         net (fo=80, routed)          0.992     2.334    d0/CLK_IBUF_BUFG
    SLICE_X111Y111       FDRE                                         r  d0/cnt22_reg[19]/C
                         clock pessimism             -0.532     1.803    
    SLICE_X111Y111       FDRE (Hold_fdre_C_D)         0.105     1.908    d0/cnt22_reg[19]
  -------------------------------------------------------------------
                         required time                         -1.908    
                         arrival time                           2.169    
  -------------------------------------------------------------------
                         slack                                  0.261    

Slack (MET) :             0.263ns  (arrival time - required time)
  Source:                 speed_reg[0]/C
                            (rising edge-triggered cell FDRE clocked by sys_clk_pin  {rise@0.000ns fall@4.000ns period=8.000ns})
  Destination:            speed_reg[0]/D
                            (rising edge-triggered cell FDRE clocked by sys_clk_pin  {rise@0.000ns fall@4.000ns period=8.000ns})
  Path Group:             sys_clk_pin
  Path Type:              Hold (Min at Fast Process Corner)
  Requirement:            0.000ns  (sys_clk_pin rise@0.000ns - sys_clk_pin rise@0.000ns)
  Data Path Delay:        0.354ns  (logic 0.186ns (52.507%)  route 0.168ns (47.493%))
  Logic Levels:           1  (LUT3=1)
  Clock Path Skew:        0.000ns (DCD - SCD - CPR)
    Destination Clock Delay (DCD):    2.332ns
    Source Clock Delay      (SCD):    1.803ns
    Clock Pessimism Removal (CPR):    0.530ns

    Location             Delay type                Incr(ns)  Path(ns)    Netlist Resource(s)
  -------------------------------------------------------------------    -------------------
                         (clock sys_clk_pin rise edge)
                                                      0.000     0.000 r  
    H16                                               0.000     0.000 r  CLK (IN)
                         net (fo=0)                   0.000     0.000    CLK
    H16                  IBUF (Prop_ibuf_I_O)         0.219     0.219 r  CLK_IBUF_inst/O
                         net (fo=1, routed)           0.842     1.060    CLK_IBUF
    BUFGCTRL_X0Y16       BUFG (Prop_bufg_I_O)         0.026     1.086 r  CLK_IBUF_BUFG_inst/O
                         net (fo=80, routed)          0.716     1.803    CLK_IBUF_BUFG
    SLICE_X109Y108       FDRE                                         r  speed_reg[0]/C
  -------------------------------------------------------------------    -------------------
    SLICE_X109Y108       FDRE (Prop_fdre_C_Q)         0.141     1.944 r  speed_reg[0]/Q
                         net (fo=3, routed)           0.168     2.112    d0/speed[0]
    SLICE_X109Y108       LUT3 (Prop_lut3_I2_O)        0.045     2.157 r  d0/speed[0]_i_1/O
                         net (fo=1, routed)           0.000     2.157    d0_n_1
    SLICE_X109Y108       FDRE                                         r  speed_reg[0]/D
  -------------------------------------------------------------------    -------------------

                         (clock sys_clk_pin rise edge)
                                                      0.000     0.000 r  
    H16                                               0.000     0.000 r  CLK (IN)
                         net (fo=0)                   0.000     0.000    CLK
    H16                  IBUF (Prop_ibuf_I_O)         0.406     0.406 r  CLK_IBUF_inst/O
                         net (fo=1, routed)           0.907     1.313    CLK_IBUF
    BUFGCTRL_X0Y16       BUFG (Prop_bufg_I_O)         0.029     1.342 r  CLK_IBUF_BUFG_inst/O
                         net (fo=80, routed)          0.990     2.332    CLK_IBUF_BUFG
    SLICE_X109Y108       FDRE                                         r  speed_reg[0]/C
                         clock pessimism             -0.530     1.803    
    SLICE_X109Y108       FDRE (Hold_fdre_C_D)         0.091     1.894    speed_reg[0]
  -------------------------------------------------------------------
                         required time                         -1.894    
                         arrival time                           2.157    
  -------------------------------------------------------------------
                         slack                                  0.263    

Slack (MET) :             0.263ns  (arrival time - required time)
  Source:                 d0/cnt22_reg[7]/C
                            (rising edge-triggered cell FDRE clocked by sys_clk_pin  {rise@0.000ns fall@4.000ns period=8.000ns})
  Destination:            d0/cnt22_reg[7]/D
                            (rising edge-triggered cell FDRE clocked by sys_clk_pin  {rise@0.000ns fall@4.000ns period=8.000ns})
  Path Group:             sys_clk_pin
  Path Type:              Hold (Min at Fast Process Corner)
  Requirement:            0.000ns  (sys_clk_pin rise@0.000ns - sys_clk_pin rise@0.000ns)
  Data Path Delay:        0.368ns  (logic 0.249ns (67.612%)  route 0.119ns (32.388%))
  Logic Levels:           1  (CARRY4=1)
  Clock Path Skew:        0.000ns (DCD - SCD - CPR)
    Destination Clock Delay (DCD):    2.335ns
    Source Clock Delay      (SCD):    1.804ns
    Clock Pessimism Removal (CPR):    0.532ns

    Location             Delay type                Incr(ns)  Path(ns)    Netlist Resource(s)
  -------------------------------------------------------------------    -------------------
                         (clock sys_clk_pin rise edge)
                                                      0.000     0.000 r  
    H16                                               0.000     0.000 r  CLK (IN)
                         net (fo=0)                   0.000     0.000    CLK
    H16                  IBUF (Prop_ibuf_I_O)         0.219     0.219 r  CLK_IBUF_inst/O
                         net (fo=1, routed)           0.842     1.060    CLK_IBUF
    BUFGCTRL_X0Y16       BUFG (Prop_bufg_I_O)         0.026     1.086 r  CLK_IBUF_BUFG_inst/O
                         net (fo=80, routed)          0.717     1.804    d0/CLK_IBUF_BUFG
    SLICE_X111Y108       FDRE                                         r  d0/cnt22_reg[7]/C
  -------------------------------------------------------------------    -------------------
    SLICE_X111Y108       FDRE (Prop_fdre_C_Q)         0.141     1.945 r  d0/cnt22_reg[7]/Q
                         net (fo=2, routed)           0.119     2.064    d0/cnt22_reg[7]
    SLICE_X111Y108       CARRY4 (Prop_carry4_S[3]_O[3])
                                                      0.108     2.172 r  d0/cnt22_reg[4]_i_1/O[3]
                         net (fo=1, routed)           0.000     2.172    d0/cnt22_reg[4]_i_1_n_4
    SLICE_X111Y108       FDRE                                         r  d0/cnt22_reg[7]/D
  -------------------------------------------------------------------    -------------------

                         (clock sys_clk_pin rise edge)
                                                      0.000     0.000 r  
    H16                                               0.000     0.000 r  CLK (IN)
                         net (fo=0)                   0.000     0.000    CLK
    H16                  IBUF (Prop_ibuf_I_O)         0.406     0.406 r  CLK_IBUF_inst/O
                         net (fo=1, routed)           0.907     1.313    CLK_IBUF
    BUFGCTRL_X0Y16       BUFG (Prop_bufg_I_O)         0.029     1.342 r  CLK_IBUF_BUFG_inst/O
                         net (fo=80, routed)          0.993     2.335    d0/CLK_IBUF_BUFG
    SLICE_X111Y108       FDRE                                         r  d0/cnt22_reg[7]/C
                         clock pessimism             -0.532     1.804    
    SLICE_X111Y108       FDRE (Hold_fdre_C_D)         0.105     1.909    d0/cnt22_reg[7]
  -------------------------------------------------------------------
                         required time                         -1.909    
                         arrival time                           2.172    
  -------------------------------------------------------------------
                         slack                                  0.263    

Slack (MET) :             0.264ns  (arrival time - required time)
  Source:                 d0/cnt22_reg[11]/C
                            (rising edge-triggered cell FDRE clocked by sys_clk_pin  {rise@0.000ns fall@4.000ns period=8.000ns})
  Destination:            d0/cnt22_reg[11]/D
                            (rising edge-triggered cell FDRE clocked by sys_clk_pin  {rise@0.000ns fall@4.000ns period=8.000ns})
  Path Group:             sys_clk_pin
  Path Type:              Hold (Min at Fast Process Corner)
  Requirement:            0.000ns  (sys_clk_pin rise@0.000ns - sys_clk_pin rise@0.000ns)
  Data Path Delay:        0.369ns  (logic 0.249ns (67.424%)  route 0.120ns (32.576%))
  Logic Levels:           1  (CARRY4=1)
  Clock Path Skew:        0.000ns (DCD - SCD - CPR)
    Destination Clock Delay (DCD):    2.335ns
    Source Clock Delay      (SCD):    1.804ns
    Clock Pessimism Removal (CPR):    0.532ns

    Location             Delay type                Incr(ns)  Path(ns)    Netlist Resource(s)
  -------------------------------------------------------------------    -------------------
                         (clock sys_clk_pin rise edge)
                                                      0.000     0.000 r  
    H16                                               0.000     0.000 r  CLK (IN)
                         net (fo=0)                   0.000     0.000    CLK
    H16                  IBUF (Prop_ibuf_I_O)         0.219     0.219 r  CLK_IBUF_inst/O
                         net (fo=1, routed)           0.842     1.060    CLK_IBUF
    BUFGCTRL_X0Y16       BUFG (Prop_bufg_I_O)         0.026     1.086 r  CLK_IBUF_BUFG_inst/O
                         net (fo=80, routed)          0.717     1.804    d0/CLK_IBUF_BUFG
    SLICE_X111Y109       FDRE                                         r  d0/cnt22_reg[11]/C
  -------------------------------------------------------------------    -------------------
    SLICE_X111Y109       FDRE (Prop_fdre_C_Q)         0.141     1.945 r  d0/cnt22_reg[11]/Q
                         net (fo=2, routed)           0.120     2.065    d0/cnt22_reg[11]
    SLICE_X111Y109       CARRY4 (Prop_carry4_S[3]_O[3])
                                                      0.108     2.173 r  d0/cnt22_reg[8]_i_1/O[3]
                         net (fo=1, routed)           0.000     2.173    d0/cnt22_reg[8]_i_1_n_4
    SLICE_X111Y109       FDRE                                         r  d0/cnt22_reg[11]/D
  -------------------------------------------------------------------    -------------------

                         (clock sys_clk_pin rise edge)
                                                      0.000     0.000 r  
    H16                                               0.000     0.000 r  CLK (IN)
                         net (fo=0)                   0.000     0.000    CLK
    H16                  IBUF (Prop_ibuf_I_O)         0.406     0.406 r  CLK_IBUF_inst/O
                         net (fo=1, routed)           0.907     1.313    CLK_IBUF
    BUFGCTRL_X0Y16       BUFG (Prop_bufg_I_O)         0.029     1.342 r  CLK_IBUF_BUFG_inst/O
                         net (fo=80, routed)          0.993     2.335    d0/CLK_IBUF_BUFG
    SLICE_X111Y109       FDRE                                         r  d0/cnt22_reg[11]/C
                         clock pessimism             -0.532     1.804    
    SLICE_X111Y109       FDRE (Hold_fdre_C_D)         0.105     1.909    d0/cnt22_reg[11]
  -------------------------------------------------------------------
                         required time                         -1.909    
                         arrival time                           2.173    
  -------------------------------------------------------------------
                         slack                                  0.264    

Slack (MET) :             0.265ns  (arrival time - required time)
  Source:                 cnt25_reg[14]/C
                            (rising edge-triggered cell FDRE clocked by sys_clk_pin  {rise@0.000ns fall@4.000ns period=8.000ns})
  Destination:            cnt25_reg[14]/D
                            (rising edge-triggered cell FDRE clocked by sys_clk_pin  {rise@0.000ns fall@4.000ns period=8.000ns})
  Path Group:             sys_clk_pin
  Path Type:              Hold (Min at Fast Process Corner)
  Requirement:            0.000ns  (sys_clk_pin rise@0.000ns - sys_clk_pin rise@0.000ns)
  Data Path Delay:        0.399ns  (logic 0.274ns (68.589%)  route 0.125ns (31.411%))
  Logic Levels:           1  (CARRY4=1)
  Clock Path Skew:        0.000ns (DCD - SCD - CPR)
    Destination Clock Delay (DCD):    2.335ns
    Source Clock Delay      (SCD):    1.804ns
    Clock Pessimism Removal (CPR):    0.532ns

    Location             Delay type                Incr(ns)  Path(ns)    Netlist Resource(s)
  -------------------------------------------------------------------    -------------------
                         (clock sys_clk_pin rise edge)
                                                      0.000     0.000 r  
    H16                                               0.000     0.000 r  CLK (IN)
                         net (fo=0)                   0.000     0.000    CLK
    H16                  IBUF (Prop_ibuf_I_O)         0.219     0.219 r  CLK_IBUF_inst/O
                         net (fo=1, routed)           0.842     1.060    CLK_IBUF
    BUFGCTRL_X0Y16       BUFG (Prop_bufg_I_O)         0.026     1.086 r  CLK_IBUF_BUFG_inst/O
                         net (fo=80, routed)          0.717     1.804    CLK_IBUF_BUFG
    SLICE_X112Y107       FDRE                                         r  cnt25_reg[14]/C
  -------------------------------------------------------------------    -------------------
    SLICE_X112Y107       FDRE (Prop_fdre_C_Q)         0.164     1.968 r  cnt25_reg[14]/Q
                         net (fo=2, routed)           0.125     2.093    cnt25_reg[14]
    SLICE_X112Y107       CARRY4 (Prop_carry4_S[2]_O[2])
                                                      0.110     2.203 r  cnt25_reg[12]_i_1/O[2]
                         net (fo=1, routed)           0.000     2.203    cnt25_reg[12]_i_1_n_5
    SLICE_X112Y107       FDRE                                         r  cnt25_reg[14]/D
  -------------------------------------------------------------------    -------------------

                         (clock sys_clk_pin rise edge)
                                                      0.000     0.000 r  
    H16                                               0.000     0.000 r  CLK (IN)
                         net (fo=0)                   0.000     0.000    CLK
    H16                  IBUF (Prop_ibuf_I_O)         0.406     0.406 r  CLK_IBUF_inst/O
                         net (fo=1, routed)           0.907     1.313    CLK_IBUF
    BUFGCTRL_X0Y16       BUFG (Prop_bufg_I_O)         0.029     1.342 r  CLK_IBUF_BUFG_inst/O
                         net (fo=80, routed)          0.993     2.335    CLK_IBUF_BUFG
    SLICE_X112Y107       FDRE                                         r  cnt25_reg[14]/C
                         clock pessimism             -0.532     1.804    
    SLICE_X112Y107       FDRE (Hold_fdre_C_D)         0.134     1.938    cnt25_reg[14]
  -------------------------------------------------------------------
                         required time                         -1.938    
                         arrival time                           2.203    
  -------------------------------------------------------------------
                         slack                                  0.265    

Slack (MET) :             0.265ns  (arrival time - required time)
  Source:                 cnt25_reg[18]/C
                            (rising edge-triggered cell FDRE clocked by sys_clk_pin  {rise@0.000ns fall@4.000ns period=8.000ns})
  Destination:            cnt25_reg[18]/D
                            (rising edge-triggered cell FDRE clocked by sys_clk_pin  {rise@0.000ns fall@4.000ns period=8.000ns})
  Path Group:             sys_clk_pin
  Path Type:              Hold (Min at Fast Process Corner)
  Requirement:            0.000ns  (sys_clk_pin rise@0.000ns - sys_clk_pin rise@0.000ns)
  Data Path Delay:        0.399ns  (logic 0.274ns (68.589%)  route 0.125ns (31.411%))
  Logic Levels:           1  (CARRY4=1)
  Clock Path Skew:        0.000ns (DCD - SCD - CPR)
    Destination Clock Delay (DCD):    2.335ns
    Source Clock Delay      (SCD):    1.804ns
    Clock Pessimism Removal (CPR):    0.532ns

    Location             Delay type                Incr(ns)  Path(ns)    Netlist Resource(s)
  -------------------------------------------------------------------    -------------------
                         (clock sys_clk_pin rise edge)
                                                      0.000     0.000 r  
    H16                                               0.000     0.000 r  CLK (IN)
                         net (fo=0)                   0.000     0.000    CLK
    H16                  IBUF (Prop_ibuf_I_O)         0.219     0.219 r  CLK_IBUF_inst/O
                         net (fo=1, routed)           0.842     1.060    CLK_IBUF
    BUFGCTRL_X0Y16       BUFG (Prop_bufg_I_O)         0.026     1.086 r  CLK_IBUF_BUFG_inst/O
                         net (fo=80, routed)          0.717     1.804    CLK_IBUF_BUFG
    SLICE_X112Y108       FDRE                                         r  cnt25_reg[18]/C
  -------------------------------------------------------------------    -------------------
    SLICE_X112Y108       FDRE (Prop_fdre_C_Q)         0.164     1.968 r  cnt25_reg[18]/Q
                         net (fo=2, routed)           0.125     2.093    cnt25_reg[18]
    SLICE_X112Y108       CARRY4 (Prop_carry4_S[2]_O[2])
                                                      0.110     2.203 r  cnt25_reg[16]_i_1/O[2]
                         net (fo=1, routed)           0.000     2.203    cnt25_reg[16]_i_1_n_5
    SLICE_X112Y108       FDRE                                         r  cnt25_reg[18]/D
  -------------------------------------------------------------------    -------------------

                         (clock sys_clk_pin rise edge)
                                                      0.000     0.000 r  
    H16                                               0.000     0.000 r  CLK (IN)
                         net (fo=0)                   0.000     0.000    CLK
    H16                  IBUF (Prop_ibuf_I_O)         0.406     0.406 r  CLK_IBUF_inst/O
                         net (fo=1, routed)           0.907     1.313    CLK_IBUF
    BUFGCTRL_X0Y16       BUFG (Prop_bufg_I_O)         0.029     1.342 r  CLK_IBUF_BUFG_inst/O
                         net (fo=80, routed)          0.993     2.335    CLK_IBUF_BUFG
    SLICE_X112Y108       FDRE                                         r  cnt25_reg[18]/C
                         clock pessimism             -0.532     1.804    
    SLICE_X112Y108       FDRE (Hold_fdre_C_D)         0.134     1.938    cnt25_reg[18]
  -------------------------------------------------------------------
                         required time                         -1.938    
                         arrival time                           2.203    
  -------------------------------------------------------------------
                         slack                                  0.265    

Slack (MET) :             0.265ns  (arrival time - required time)
  Source:                 cnt25_reg[2]/C
                            (rising edge-triggered cell FDRE clocked by sys_clk_pin  {rise@0.000ns fall@4.000ns period=8.000ns})
  Destination:            cnt25_reg[2]/D
                            (rising edge-triggered cell FDRE clocked by sys_clk_pin  {rise@0.000ns fall@4.000ns period=8.000ns})
  Path Group:             sys_clk_pin
  Path Type:              Hold (Min at Fast Process Corner)
  Requirement:            0.000ns  (sys_clk_pin rise@0.000ns - sys_clk_pin rise@0.000ns)
  Data Path Delay:        0.399ns  (logic 0.274ns (68.589%)  route 0.125ns (31.411%))
  Logic Levels:           1  (CARRY4=1)
  Clock Path Skew:        0.000ns (DCD - SCD - CPR)
    Destination Clock Delay (DCD):    2.336ns
    Source Clock Delay      (SCD):    1.805ns
    Clock Pessimism Removal (CPR):    0.532ns

    Location             Delay type                Incr(ns)  Path(ns)    Netlist Resource(s)
  -------------------------------------------------------------------    -------------------
                         (clock sys_clk_pin rise edge)
                                                      0.000     0.000 r  
    H16                                               0.000     0.000 r  CLK (IN)
                         net (fo=0)                   0.000     0.000    CLK
    H16                  IBUF (Prop_ibuf_I_O)         0.219     0.219 r  CLK_IBUF_inst/O
                         net (fo=1, routed)           0.842     1.060    CLK_IBUF
    BUFGCTRL_X0Y16       BUFG (Prop_bufg_I_O)         0.026     1.086 r  CLK_IBUF_BUFG_inst/O
                         net (fo=80, routed)          0.718     1.805    CLK_IBUF_BUFG
    SLICE_X112Y104       FDRE                                         r  cnt25_reg[2]/C
  -------------------------------------------------------------------    -------------------
    SLICE_X112Y104       FDRE (Prop_fdre_C_Q)         0.164     1.969 r  cnt25_reg[2]/Q
                         net (fo=2, routed)           0.125     2.094    cnt25_reg[2]
    SLICE_X112Y104       CARRY4 (Prop_carry4_S[2]_O[2])
                                                      0.110     2.204 r  cnt25_reg[0]_i_1/O[2]
                         net (fo=1, routed)           0.000     2.204    cnt25_reg[0]_i_1_n_5
    SLICE_X112Y104       FDRE                                         r  cnt25_reg[2]/D
  -------------------------------------------------------------------    -------------------

                         (clock sys_clk_pin rise edge)
                                                      0.000     0.000 r  
    H16                                               0.000     0.000 r  CLK (IN)
                         net (fo=0)                   0.000     0.000    CLK
    H16                  IBUF (Prop_ibuf_I_O)         0.406     0.406 r  CLK_IBUF_inst/O
                         net (fo=1, routed)           0.907     1.313    CLK_IBUF
    BUFGCTRL_X0Y16       BUFG (Prop_bufg_I_O)         0.029     1.342 r  CLK_IBUF_BUFG_inst/O
                         net (fo=80, routed)          0.994     2.336    CLK_IBUF_BUFG
    SLICE_X112Y104       FDRE                                         r  cnt25_reg[2]/C
                         clock pessimism             -0.532     1.805    
    SLICE_X112Y104       FDRE (Hold_fdre_C_D)         0.134     1.939    cnt25_reg[2]
  -------------------------------------------------------------------
                         required time                         -1.939    
                         arrival time                           2.204    
  -------------------------------------------------------------------
                         slack                                  0.265    





Pulse Width Checks
--------------------------------------------------------------------------------------
Clock Name:         sys_clk_pin
Waveform(ns):       { 0.000 4.000 }
Period(ns):         8.000
Sources:            { CLK }

Check Type        Corner  Lib Pin  Reference Pin  Required(ns)  Actual(ns)  Slack(ns)  Location        Pin
Min Period        n/a     BUFG/I   n/a            2.155         8.000       5.845      BUFGCTRL_X0Y16  CLK_IBUF_BUFG_inst/I
Min Period        n/a     FDRE/C   n/a            1.000         8.000       7.000      SLICE_X112Y104  cnt25_reg[0]/C
Min Period        n/a     FDRE/C   n/a            1.000         8.000       7.000      SLICE_X112Y106  cnt25_reg[10]/C
Min Period        n/a     FDRE/C   n/a            1.000         8.000       7.000      SLICE_X112Y106  cnt25_reg[11]/C
Min Period        n/a     FDRE/C   n/a            1.000         8.000       7.000      SLICE_X112Y107  cnt25_reg[12]/C
Min Period        n/a     FDRE/C   n/a            1.000         8.000       7.000      SLICE_X112Y107  cnt25_reg[13]/C
Min Period        n/a     FDRE/C   n/a            1.000         8.000       7.000      SLICE_X112Y107  cnt25_reg[14]/C
Min Period        n/a     FDRE/C   n/a            1.000         8.000       7.000      SLICE_X112Y107  cnt25_reg[15]/C
Min Period        n/a     FDRE/C   n/a            1.000         8.000       7.000      SLICE_X112Y108  cnt25_reg[16]/C
Min Period        n/a     FDRE/C   n/a            1.000         8.000       7.000      SLICE_X112Y108  cnt25_reg[17]/C
Low Pulse Width   Slow    FDRE/C   n/a            0.500         4.000       3.500      SLICE_X108Y111  d1/cnt22_reg[16]/C
Low Pulse Width   Slow    FDRE/C   n/a            0.500         4.000       3.500      SLICE_X108Y111  d1/cnt22_reg[17]/C
Low Pulse Width   Slow    FDRE/C   n/a            0.500         4.000       3.500      SLICE_X108Y111  d1/cnt22_reg[18]/C
Low Pulse Width   Slow    FDRE/C   n/a            0.500         4.000       3.500      SLICE_X108Y111  d1/cnt22_reg[19]/C
Low Pulse Width   Slow    FDRE/C   n/a            0.500         4.000       3.500      SLICE_X108Y112  d1/cnt22_reg[20]/C
Low Pulse Width   Slow    FDRE/C   n/a            0.500         4.000       3.500      SLICE_X108Y112  d1/cnt22_reg[21]/C
Low Pulse Width   Slow    FDRE/C   n/a            0.500         4.000       3.500      SLICE_X112Y109  cnt25_reg[20]/C
Low Pulse Width   Slow    FDRE/C   n/a            0.500         4.000       3.500      SLICE_X112Y109  cnt25_reg[21]/C
Low Pulse Width   Slow    FDRE/C   n/a            0.500         4.000       3.500      SLICE_X112Y109  cnt25_reg[22]/C
Low Pulse Width   Slow    FDRE/C   n/a            0.500         4.000       3.500      SLICE_X112Y109  cnt25_reg[23]/C
High Pulse Width  Slow    FDRE/C   n/a            0.500         4.000       3.500      SLICE_X112Y104  cnt25_reg[0]/C
High Pulse Width  Fast    FDRE/C   n/a            0.500         4.000       3.500      SLICE_X112Y104  cnt25_reg[0]/C
High Pulse Width  Slow    FDRE/C   n/a            0.500         4.000       3.500      SLICE_X112Y106  cnt25_reg[10]/C
High Pulse Width  Fast    FDRE/C   n/a            0.500         4.000       3.500      SLICE_X112Y106  cnt25_reg[10]/C
High Pulse Width  Slow    FDRE/C   n/a            0.500         4.000       3.500      SLICE_X112Y106  cnt25_reg[11]/C
High Pulse Width  Fast    FDRE/C   n/a            0.500         4.000       3.500      SLICE_X112Y106  cnt25_reg[11]/C
High Pulse Width  Slow    FDRE/C   n/a            0.500         4.000       3.500      SLICE_X112Y107  cnt25_reg[12]/C
High Pulse Width  Fast    FDRE/C   n/a            0.500         4.000       3.500      SLICE_X112Y107  cnt25_reg[12]/C
High Pulse Width  Slow    FDRE/C   n/a            0.500         4.000       3.500      SLICE_X112Y107  cnt25_reg[13]/C
High Pulse Width  Fast    FDRE/C   n/a            0.500         4.000       3.500      SLICE_X112Y107  cnt25_reg[13]/C



